==========================================
SLURM_CLUSTER_NAME = paramprabha
SLURM_JOB_ACCOUNT = nsmext
SLURM_JOB_ID = 501935
SLURM_JOB_NAME = bhaskera
SLURM_JOB_NODELIST = rpgpu[005-006]
SLURM_JOB_USER = ldls-iiitd
SLURM_JOB_UID = 52385
SLURM_JOB_PARTITION = gpu
SLURM_TASK_PID = 588388
SLURM_SUBMIT_DIR = /scratch/ldls-iiitd/training-framework/newchanges/Bhaskera
SLURM_CPUS_ON_NODE = 16
SLURM_NTASKS = 2
SLURM_TASK_PID = 588388
==========================================
[NCCL] RoCE detected — enabling IB transport (RoCE mode)
[NCCL] NCCL_IB_DISABLE=0  NCCL_SOCKET_IFNAME=auto
[NCCL] NCCL_TIMEOUT=1800  TORCH_DISTRIBUTED_TIMEOUT=1800
========================================================
  Bhaskera Ray-on-SLURM (symmetric-run)
  Job       : 501935
  Nodes     : 2  (head: rpgpu005 / 172.5.3.5)
  GPUs/node : 2
  Total GPUs: 4
  Address   : 172.5.3.5:7314
========================================================
On worker node. Connecting to Ray cluster at 172.5.3.5:7314...
On head node. Starting Ray cluster head...
Ray cluster is ready!
Head node started.
=======================
Waiting for nodes to start... 1/2 nodes started
Waiting for nodes to start... 1/2 nodes started
Waiting for nodes to start... 1/2 nodes started
2026-05-08 14:44:16,988	INFO scripts.py:1128 -- [37mLocal node IP[39m: [1m172.5.3.6[22m
2026-05-08 14:44:53,663	SUCC scripts.py:1144 -- [32m--------------------[39m
2026-05-08 14:44:53,664	SUCC scripts.py:1145 -- [32mRay runtime started.[39m
2026-05-08 14:44:53,664	SUCC scripts.py:1146 -- [32m--------------------[39m
2026-05-08 14:44:53,664	INFO scripts.py:1148 -- To terminate the Ray runtime, run
2026-05-08 14:44:53,664	INFO scripts.py:1149 -- [1m  ray stop[22m
2026-05-08 14:44:53,664	INFO scripts.py:1159 -- [36m[1m--block[22m[39m
2026-05-08 14:44:53,664	INFO scripts.py:1160 -- This command will now block forever until terminated by a signal.
2026-05-08 14:44:53,664	INFO scripts.py:1163 -- Running subprocesses are monitored and a message will be printed if any of them terminate unexpectedly. Subprocesses exit with SIGTERM will be treated as graceful, thus NOT reported.
2026-05-08 14:44:53,665	INFO scripts.py:1168 -- Process exit logs will be saved to: [1m/tmp/ray_501935/ray/session_2026-05-08_14-44-14_295462_588500/logs/ray_process_exit.log[22m[26m
Running command on head node: ['python', '-m', 'bhaskera.launcher.train', '--config', '/scratch/ldls-iiitd/training-framework/newchanges/Bhaskera/configs/config.yaml', '--num-workers', '4', '--config', 'configs/finetune_param_local_data.yaml', '--num-workers', '4']
=======================
