==========================================
SLURM_CLUSTER_NAME = paramprabha
SLURM_JOB_ACCOUNT = nsmext
SLURM_JOB_ID = 500094
SLURM_JOB_NAME = bhaskera
SLURM_JOB_NODELIST = rpgpu[005-006]
SLURM_JOB_USER = ldls-iiitd
SLURM_JOB_UID = 52385
SLURM_JOB_PARTITION = gpu
SLURM_TASK_PID = 70835
SLURM_SUBMIT_DIR = /scratch/ldls-iiitd/training-framework/newchanges/Bhaskera
SLURM_CPUS_ON_NODE = 16
SLURM_NTASKS = 2
SLURM_TASK_PID = 70835
==========================================
[NCCL] RoCE detected — enabling IB transport (RoCE mode)
[NCCL] NCCL_IB_DISABLE=0  NCCL_SOCKET_IFNAME=auto
[NCCL] NCCL_TIMEOUT=1800  TORCH_DISTRIBUTED_TIMEOUT=1800
========================================================
  Bhaskera Ray-on-SLURM (symmetric-run)
  Job       : 500094
  Nodes     : 2  (head: rpgpu005 / 172.5.3.5)
  GPUs/node : 2
  Total GPUs: 4
  Address   : 172.5.3.5:6473
========================================================
On head node. Starting Ray cluster head...
On worker node. Connecting to Ray cluster at 172.5.3.5:6473...
Ray cluster is ready!
Head node started.
=======================
Waiting for nodes to start... 1/2 nodes started
Waiting for nodes to start... 1/2 nodes started
Running command on head node: ['python', '-m', 'bhaskera.launcher.train', '--config', '/scratch/ldls-iiitd/training-framework/newchanges/Bhaskera/configs/config.yaml', '--num-workers', '4', '--config', 'configs/2node.yaml', '--num-workers', '4']
=======================
2026-05-06 19:22:19,917	INFO scripts.py:1128 -- [37mLocal node IP[39m: [1m172.5.3.6[22m
2026-05-06 19:22:55,780	SUCC scripts.py:1144 -- [32m--------------------[39m
2026-05-06 19:22:55,780	SUCC scripts.py:1145 -- [32mRay runtime started.[39m
2026-05-06 19:22:55,780	SUCC scripts.py:1146 -- [32m--------------------[39m
2026-05-06 19:22:55,780	INFO scripts.py:1148 -- To terminate the Ray runtime, run
2026-05-06 19:22:55,780	INFO scripts.py:1149 -- [1m  ray stop[22m
2026-05-06 19:22:55,781	INFO scripts.py:1159 -- [36m[1m--block[22m[39m
2026-05-06 19:22:55,781	INFO scripts.py:1160 -- This command will now block forever until terminated by a signal.
2026-05-06 19:22:55,781	INFO scripts.py:1163 -- Running subprocesses are monitored and a message will be printed if any of them terminate unexpectedly. Subprocesses exit with SIGTERM will be treated as graceful, thus NOT reported.
2026-05-06 19:22:55,781	INFO scripts.py:1168 -- Process exit logs will be saved to: [1m/tmp/ray_500094/ray/session_2026-05-06_19-22-16_976653_70949/logs/ray_process_exit.log[22m[26m
